Build started 20.01.2020 18:25:43.
     1>Project "C:\Users\User\Desktop\Проекты для gitHub\ggj18\ggj18\ggj18.vcxproj" on node 2 (build target(s)).
     1>InitializeBuildStatus:
         Creating "Debug\ggj18.unsuccessfulbuild" because "AlwaysCreate" was specified.
       ClCompile:
         All outputs are up-to-date.
         C:\Program Files (x86)\Microsoft Visual Studio 10.0\VC\bin\CL.exe /c /I"C:\Users\User\Desktop\Проекты для gitHub\ggj18\\SFML-2.3.2\include" /ZI /nologo /W3 /WX- /Od /Oy- /D WIN32 /D _DEBUG /D _CONSOLE /D _UNICODE /D UNICODE /Gm /EHsc /RTC1 /MDd /GS /fp:precise /Zc:wchar_t /Zc:forScope /Fo"Debug\\" /Fd"Debug\vc100.pdb" /Gd /TP /analyze- /errorReport:prompt main.cpp
         main.cpp
     1>c:\users\user\desktop\проекты для github\ggj18\ggj18\main.cpp(132): warning C4244: 'initializing' : conversion from 'float' to 'int', possible loss of data
     1>c:\users\user\desktop\проекты для github\ggj18\ggj18\main.cpp(133): warning C4244: 'initializing' : conversion from 'float' to 'int', possible loss of data
     1>c:\users\user\desktop\проекты для github\ggj18\ggj18\main.cpp(143): warning C4244: '=' : conversion from 'int' to 'float', possible loss of data
     1>c:\users\user\desktop\проекты для github\ggj18\ggj18\main.cpp(147): warning C4244: '=' : conversion from 'int' to 'float', possible loss of data
     1>c:\users\user\desktop\проекты для github\ggj18\ggj18\main.cpp(151): warning C4244: '=' : conversion from 'int' to 'float', possible loss of data
     1>c:\users\user\desktop\проекты для github\ggj18\ggj18\main.cpp(155): warning C4244: '=' : conversion from 'int' to 'float', possible loss of data
     1>c:\users\user\desktop\проекты для github\ggj18\ggj18\main.cpp(166): warning C4244: '=' : conversion from 'int' to 'float', possible loss of data
     1>c:\users\user\desktop\проекты для github\ggj18\ggj18\main.cpp(170): warning C4244: '=' : conversion from 'int' to 'float', possible loss of data
     1>c:\users\user\desktop\проекты для github\ggj18\ggj18\main.cpp(174): warning C4244: '=' : conversion from 'int' to 'float', possible loss of data
     1>c:\users\user\desktop\проекты для github\ggj18\ggj18\main.cpp(178): warning C4244: '=' : conversion from 'int' to 'float', possible loss of data
     1>c:\users\user\desktop\проекты для github\ggj18\ggj18\main.cpp(189): warning C4244: '=' : conversion from 'int' to 'float', possible loss of data
     1>c:\users\user\desktop\проекты для github\ggj18\ggj18\main.cpp(193): warning C4244: '=' : conversion from 'int' to 'float', possible loss of data
     1>c:\users\user\desktop\проекты для github\ggj18\ggj18\main.cpp(197): warning C4244: '=' : conversion from 'int' to 'float', possible loss of data
     1>c:\users\user\desktop\проекты для github\ggj18\ggj18\main.cpp(201): warning C4244: '=' : conversion from 'int' to 'float', possible loss of data
     1>c:\users\user\desktop\проекты для github\ggj18\ggj18\main.cpp(232): warning C4244: 'argument' : conversion from 'time_t' to 'unsigned int', possible loss of data
     1>c:\users\user\desktop\проекты для github\ggj18\ggj18\main.cpp(447): warning C4244: 'initializing' : conversion from 'sf::Int64' to 'float', possible loss of data
     1>c:\users\user\desktop\проекты для github\ggj18\ggj18\main.cpp(460): warning C4244: '+=' : conversion from 'double' to 'float', possible loss of data
     1>c:\users\user\desktop\проекты для github\ggj18\ggj18\main.cpp(504): warning C4305: '=' : truncation from 'double' to 'float'
     1>c:\users\user\desktop\проекты для github\ggj18\ggj18\main.cpp(512): warning C4305: '=' : truncation from 'double' to 'float'
     1>c:\users\user\desktop\проекты для github\ggj18\ggj18\main.cpp(520): warning C4305: '=' : truncation from 'double' to 'float'
     1>c:\users\user\desktop\проекты для github\ggj18\ggj18\main.cpp(527): warning C4305: '=' : truncation from 'double' to 'float'
     1>c:\users\user\desktop\проекты для github\ggj18\ggj18\main.cpp(536): warning C4244: 'argument' : conversion from 'int' to 'float', possible loss of data
     1>c:\users\user\desktop\проекты для github\ggj18\ggj18\main.cpp(536): warning C4244: 'argument' : conversion from 'int' to 'float', possible loss of data
     1>c:\users\user\desktop\проекты для github\ggj18\ggj18\main.cpp(537): warning C4244: 'argument' : conversion from 'int' to 'float', possible loss of data
     1>c:\users\user\desktop\проекты для github\ggj18\ggj18\main.cpp(537): warning C4244: 'argument' : conversion from 'int' to 'float', possible loss of data
     1>c:\users\user\desktop\проекты для github\ggj18\ggj18\main.cpp(538): warning C4244: 'argument' : conversion from 'int' to 'float', possible loss of data
     1>c:\users\user\desktop\проекты для github\ggj18\ggj18\main.cpp(538): warning C4244: 'argument' : conversion from 'int' to 'float', possible loss of data
     1>c:\users\user\desktop\проекты для github\ggj18\ggj18\main.cpp(539): warning C4244: 'argument' : conversion from 'int' to 'float', possible loss of data
     1>c:\users\user\desktop\проекты для github\ggj18\ggj18\main.cpp(539): warning C4244: 'argument' : conversion from 'int' to 'float', possible loss of data
     1>c:\users\user\desktop\проекты для github\ggj18\ggj18\main.cpp(571): warning C4244: 'argument' : conversion from 'int' to 'float', possible loss of data
     1>c:\users\user\desktop\проекты для github\ggj18\ggj18\main.cpp(589): warning C4244: 'argument' : conversion from 'int' to 'float', possible loss of data
     1>c:\users\user\desktop\проекты для github\ggj18\ggj18\main.cpp(589): warning C4244: 'argument' : conversion from 'int' to 'float', possible loss of data
     1>c:\users\user\desktop\проекты для github\ggj18\ggj18\main.cpp(605): warning C4244: 'argument' : conversion from 'int' to 'float', possible loss of data
     1>c:\users\user\desktop\проекты для github\ggj18\ggj18\main.cpp(704): warning C4305: '=' : truncation from 'double' to 'float'
     1>c:\users\user\desktop\проекты для github\ggj18\ggj18\main.cpp(712): warning C4305: '=' : truncation from 'double' to 'float'
     1>c:\users\user\desktop\проекты для github\ggj18\ggj18\main.cpp(720): warning C4305: '=' : truncation from 'double' to 'float'
     1>c:\users\user\desktop\проекты для github\ggj18\ggj18\main.cpp(727): warning C4305: '=' : truncation from 'double' to 'float'
     1>c:\users\user\desktop\проекты для github\ggj18\ggj18\main.cpp(736): warning C4244: 'argument' : conversion from 'int' to 'float', possible loss of data
     1>c:\users\user\desktop\проекты для github\ggj18\ggj18\main.cpp(736): warning C4244: 'argument' : conversion from 'int' to 'float', possible loss of data
     1>c:\users\user\desktop\проекты для github\ggj18\ggj18\main.cpp(737): warning C4244: 'argument' : conversion from 'int' to 'float', possible loss of data
     1>c:\users\user\desktop\проекты для github\ggj18\ggj18\main.cpp(737): warning C4244: 'argument' : conversion from 'int' to 'float', possible loss of data
     1>c:\users\user\desktop\проекты для github\ggj18\ggj18\main.cpp(738): warning C4244: 'argument' : conversion from 'int' to 'float', possible loss of data
     1>c:\users\user\desktop\проекты для github\ggj18\ggj18\main.cpp(738): warning C4244: 'argument' : conversion from 'int' to 'float', possible loss of data
     1>c:\users\user\desktop\проекты для github\ggj18\ggj18\main.cpp(739): warning C4244: 'argument' : conversion from 'int' to 'float', possible loss of data
     1>c:\users\user\desktop\проекты для github\ggj18\ggj18\main.cpp(739): warning C4244: 'argument' : conversion from 'int' to 'float', possible loss of data
     1>c:\users\user\desktop\проекты для github\ggj18\ggj18\main.cpp(886): warning C4305: '=' : truncation from 'double' to 'float'
     1>c:\users\user\desktop\проекты для github\ggj18\ggj18\main.cpp(894): warning C4305: '=' : truncation from 'double' to 'float'
     1>c:\users\user\desktop\проекты для github\ggj18\ggj18\main.cpp(902): warning C4305: '=' : truncation from 'double' to 'float'
     1>c:\users\user\desktop\проекты для github\ggj18\ggj18\main.cpp(909): warning C4305: '=' : truncation from 'double' to 'float'
     1>c:\users\user\desktop\проекты для github\ggj18\ggj18\main.cpp(917): warning C4244: 'argument' : conversion from 'int' to 'float', possible loss of data
     1>c:\users\user\desktop\проекты для github\ggj18\ggj18\main.cpp(917): warning C4244: 'argument' : conversion from 'int' to 'float', possible loss of data
     1>c:\users\user\desktop\проекты для github\ggj18\ggj18\main.cpp(918): warning C4244: 'argument' : conversion from 'int' to 'float', possible loss of data
     1>c:\users\user\desktop\проекты для github\ggj18\ggj18\main.cpp(918): warning C4244: 'argument' : conversion from 'int' to 'float', possible loss of data
     1>c:\users\user\desktop\проекты для github\ggj18\ggj18\main.cpp(919): warning C4244: 'argument' : conversion from 'int' to 'float', possible loss of data
     1>c:\users\user\desktop\проекты для github\ggj18\ggj18\main.cpp(919): warning C4244: 'argument' : conversion from 'int' to 'float', possible loss of data
     1>c:\users\user\desktop\проекты для github\ggj18\ggj18\main.cpp(920): warning C4244: 'argument' : conversion from 'int' to 'float', possible loss of data
     1>c:\users\user\desktop\проекты для github\ggj18\ggj18\main.cpp(920): warning C4244: 'argument' : conversion from 'int' to 'float', possible loss of data
       ManifestResourceCompile:
         All outputs are up-to-date.
       Link:
         C:\Program Files (x86)\Microsoft Visual Studio 10.0\VC\bin\link.exe /ERRORREPORT:PROMPT /OUT:"C:\Users\User\Desktop\Проекты для gitHub\ggj18\Debug\ggj18.exe" /INCREMENTAL /NOLOGO /LIBPATH:"C:\Users\User\Desktop\Проекты для gitHub\ggj18\\SFML-2.3.2\lib" "sfml-graphics-d.lib" "sfml-window-d.lib" "sfml-system-d.lib" "sfml-audio-d.lib" kernel32.lib user32.lib gdi32.lib winspool.lib comdlg32.lib advapi32.lib shell32.lib ole32.lib oleaut32.lib uuid.lib odbc32.lib odbccp32.lib /MANIFEST /ManifestFile:"Debug\ggj18.exe.intermediate.manifest" /MANIFESTUAC:"level='asInvoker' uiAccess='false'" /DEBUG /PDB:"C:\Users\User\Desktop\Проекты для gitHub\ggj18\Debug\ggj18.pdb" /SUBSYSTEM:CONSOLE /TLBID:1 /DYNAMICBASE /NXCOMPAT /IMPLIB:"C:\Users\User\Desktop\Проекты для gitHub\ggj18\Debug\ggj18.lib" /MACHINE:X86 Debug\ggj18.exe.embed.manifest.res
         Debug\main.obj
       Manifest:
         C:\Program Files (x86)\Microsoft SDKs\Windows\v7.0A\bin\mt.exe /nologo /verbose /out:"Debug\ggj18.exe.embed.manifest" /manifest Debug\ggj18.exe.intermediate.manifest
         All outputs are up-to-date.
       LinkEmbedManifest:
         All outputs are up-to-date.
         ggj18.vcxproj -> C:\Users\User\Desktop\Проекты для gitHub\ggj18\Debug\ggj18.exe
       FinalizeBuildStatus:
         Deleting file "Debug\ggj18.unsuccessfulbuild".
         Touching "Debug\ggj18.lastbuildstate".
     1>Done Building Project "C:\Users\User\Desktop\Проекты для gitHub\ggj18\ggj18\ggj18.vcxproj" (build target(s)).

Build succeeded.

Time Elapsed 00:00:02.73
